android/app/build/intermediates/manifest_merge_blame_file/debug/manifest-merger-blame-debug-report.txt
1<?xml version="1.0" encoding="utf-8"?>
2<manifest xmlns:android="http://schemas.android.com/apk/res/android"
3    package="com.instadating"
4    android:versionCode="4194305"
5    android:versionName="1.0" >
6
7    <uses-sdk
8        android:minSdkVersion="24"
9        android:targetSdkVersion="30" />
10
11    <uses-permission android:name="android.permission.ACCESS_FINE_LOCATION" />
11-->src/main/AndroidManifest.xml:7:5-79
11-->src/main/AndroidManifest.xml:7:22-76
12    <uses-permission android:name="android.permission.SYSTEM_ALERT_WINDOW" />
12-->src/debug/AndroidManifest.xml:5:5-77
12-->src/debug/AndroidManifest.xml:5:22-75
13    <uses-permission android:name="android.permission.INTERNET" />
13-->src/main/AndroidManifest.xml:5:5-67
13-->src/main/AndroidManifest.xml:5:22-64
14    <uses-permission android:name="android.permission.CAMERA" />
14-->src/main/AndroidManifest.xml:6:5-65
14-->src/main/AndroidManifest.xml:6:22-62
15    <uses-permission android:name="android.permission.ACCESS_COARSE_LOCATION" />
15-->src/main/AndroidManifest.xml:8:5-81
15-->src/main/AndroidManifest.xml:8:22-78
16    <uses-permission android:name="android.permission.WRITE_EXTERNAL_STORAGE" />
16-->src/main/AndroidManifest.xml:9:5-80
16-->src/main/AndroidManifest.xml:9:22-78
17    <uses-permission android:name="android.permission.RECEIVE_BOOT_COMPLETED" />
17-->src/main/AndroidManifest.xml:10:5-81
17-->src/main/AndroidManifest.xml:10:22-78
18    <uses-permission android:name="android.permission.VIBRATE" />
18-->src/main/AndroidManifest.xml:11:5-66
18-->src/main/AndroidManifest.xml:11:22-63
19
20    <uses-feature android:name="android.hardware.camera" />
20-->src/main/AndroidManifest.xml:12:5-60
20-->src/main/AndroidManifest.xml:12:19-57
21    <uses-feature android:name="android.hardware.camera.autofocus" />
21-->src/main/AndroidManifest.xml:13:5-69
21-->src/main/AndroidManifest.xml:13:19-67
22    <uses-feature
22-->src/main/AndroidManifest.xml:14:5-91
23        android:name="android.hardware.camera.front"
23-->src/main/AndroidManifest.xml:14:19-63
24        android:required="false" />
24-->src/main/AndroidManifest.xml:14:64-88
25
26    <uses-permission android:name="android.permission.ACCESS_NETWORK_STATE" />
26-->src/main/AndroidManifest.xml:15:5-78
26-->src/main/AndroidManifest.xml:15:22-76
27    <uses-permission android:name="android.permission.MODIFY_AUDIO_SETTINGS" />
27-->src/main/AndroidManifest.xml:16:5-80
27-->src/main/AndroidManifest.xml:16:22-77
28    <uses-permission android:name="android.permission.RECORD_AUDIO" />
28-->src/main/AndroidManifest.xml:17:5-71
28-->src/main/AndroidManifest.xml:17:22-68
29    <uses-permission android:name="android.permission.WAKE_LOCK" />
29-->src/main/AndroidManifest.xml:18:5-68
29-->src/main/AndroidManifest.xml:18:22-65
30    <uses-permission android:name="android.permission.BIND_TELECOM_CONNECTION_SERVICE" />
30-->src/main/AndroidManifest.xml:19:5-89
30-->src/main/AndroidManifest.xml:19:22-87
31    <uses-permission android:name="android.permission.FOREGROUND_SERVICE" />
31-->src/main/AndroidManifest.xml:20:5-77
31-->src/main/AndroidManifest.xml:20:22-74
32    <uses-permission
32-->src/main/AndroidManifest.xml:21:5-75
33        android:name="android.permission.READ_PHONE_STATE"
33-->src/main/AndroidManifest.xml:21:22-72
34        android:maxSdkVersion="29" />
34-->[:react-native-callkeep] AndroidManifest.xml:14:9-35
35    <uses-permission android:name="android.permission.CALL_PHONE" />
35-->src/main/AndroidManifest.xml:22:5-69
35-->src/main/AndroidManifest.xml:22:22-66
36    <uses-permission android:name="com.android.vending.BILLING" />
36-->src/main/AndroidManifest.xml:23:5-67
36-->src/main/AndroidManifest.xml:23:22-64
37    <uses-permission android:name="android.permission.READ_PHONE_NUMBERS" />
37-->[:react-native-callkeep] AndroidManifest.xml:15:5-77
37-->[:react-native-callkeep] AndroidManifest.xml:15:22-74
38    <uses-permission android:name="android.permission.READ_EXTERNAL_STORAGE" />
38-->[:react-native-create-thumbnail] AndroidManifest.xml:12:5-80
38-->[:react-native-create-thumbnail] AndroidManifest.xml:12:22-77
39
40    <queries>
40-->[:expo-image-picker] AndroidManifest.xml:17:5-28:15
41        <intent>
41-->[:expo-image-picker] AndroidManifest.xml:18:9-22:18
42
43            <!-- Required for picking images from the camera roll if targeting API 30 -->
44            <action android:name="android.media.action.IMAGE_CAPTURE" />
44-->[:expo-image-picker] AndroidManifest.xml:21:13-73
44-->[:expo-image-picker] AndroidManifest.xml:21:21-70
45        </intent>
46        <intent>
46-->[:expo-image-picker] AndroidManifest.xml:18:9-22:18
47
48            <!-- Required for picking images from the camera if targeting API 30 -->
49            <action android:name="android.media.action.ACTION_VIDEO_CAPTURE" />
50        </intent>
51    </queries> <!-- Required by older versions of Google Play services to create IID tokens -->
52    <uses-permission android:name="com.google.android.c2dm.permission.RECEIVE" /> <!-- for android -->
52-->[com.google.firebase:firebase-iid:21.0.1] AndroidManifest.xml:26:5-82
52-->[com.google.firebase:firebase-iid:21.0.1] AndroidManifest.xml:26:22-79
53    <!-- <uses-permission android:name="com.android.launcher.permission.READ_SETTINGS"/> -->
54    <!-- <uses-permission android:name="com.android.launcher.permission.WRITE_SETTINGS"/> -->
55    <!-- <uses-permission android:name="com.android.launcher.permission.INSTALL_SHORTCUT" /> -->
56    <!-- <uses-permission android:name="com.android.launcher.permission.UNINSTALL_SHORTCUT" /> -->
57    <!-- for Samsung -->
58    <uses-permission android:name="com.sec.android.provider.badge.permission.READ" />
58-->[me.leolin:ShortcutBadger:1.1.21] AndroidManifest.xml:19:5-86
58-->[me.leolin:ShortcutBadger:1.1.21] AndroidManifest.xml:19:22-83
59    <uses-permission android:name="com.sec.android.provider.badge.permission.WRITE" /> <!-- for htc -->
59-->[me.leolin:ShortcutBadger:1.1.21] AndroidManifest.xml:20:5-87
59-->[me.leolin:ShortcutBadger:1.1.21] AndroidManifest.xml:20:22-84
60    <uses-permission android:name="com.htc.launcher.permission.READ_SETTINGS" />
60-->[me.leolin:ShortcutBadger:1.1.21] AndroidManifest.xml:23:5-81
60-->[me.leolin:ShortcutBadger:1.1.21] AndroidManifest.xml:23:22-78
61    <uses-permission android:name="com.htc.launcher.permission.UPDATE_SHORTCUT" /> <!-- for sony -->
61-->[me.leolin:ShortcutBadger:1.1.21] AndroidManifest.xml:24:5-83
61-->[me.leolin:ShortcutBadger:1.1.21] AndroidManifest.xml:24:22-80
62    <uses-permission android:name="com.sonyericsson.home.permission.BROADCAST_BADGE" />
62-->[me.leolin:ShortcutBadger:1.1.21] AndroidManifest.xml:27:5-88
62-->[me.leolin:ShortcutBadger:1.1.21] AndroidManifest.xml:27:22-85
63    <uses-permission android:name="com.sonymobile.home.permission.PROVIDER_INSERT_BADGE" /> <!-- for apex -->
63-->[me.leolin:ShortcutBadger:1.1.21] AndroidManifest.xml:28:5-92
63-->[me.leolin:ShortcutBadger:1.1.21] AndroidManifest.xml:28:22-89
64    <uses-permission android:name="com.anddoes.launcher.permission.UPDATE_COUNT" /> <!-- for solid -->
64-->[me.leolin:ShortcutBadger:1.1.21] AndroidManifest.xml:31:5-84
64-->[me.leolin:ShortcutBadger:1.1.21] AndroidManifest.xml:31:22-81
65    <uses-permission android:name="com.majeur.launcher.permission.UPDATE_BADGE" /> <!-- for huawei -->
65-->[me.leolin:ShortcutBadger:1.1.21] AndroidManifest.xml:34:5-83
65-->[me.leolin:ShortcutBadger:1.1.21] AndroidManifest.xml:34:22-80
66    <uses-permission android:name="com.huawei.android.launcher.permission.CHANGE_BADGE" />
66-->[me.leolin:ShortcutBadger:1.1.21] AndroidManifest.xml:37:5-91
66-->[me.leolin:ShortcutBadger:1.1.21] AndroidManifest.xml:37:22-88
67    <uses-permission android:name="com.huawei.android.launcher.permission.READ_SETTINGS" />
67-->[me.leolin:ShortcutBadger:1.1.21] AndroidManifest.xml:38:5-92
67-->[me.leolin:ShortcutBadger:1.1.21] AndroidManifest.xml:38:22-89
68    <uses-permission android:name="com.huawei.android.launcher.permission.WRITE_SETTINGS" /> <!-- for ZUK -->
68-->[me.leolin:ShortcutBadger:1.1.21] AndroidManifest.xml:39:5-93
68-->[me.leolin:ShortcutBadger:1.1.21] AndroidManifest.xml:39:22-90
69    <uses-permission android:name="android.permission.READ_APP_BADGE" /> <!-- for OPPO -->
69-->[me.leolin:ShortcutBadger:1.1.21] AndroidManifest.xml:42:5-73
69-->[me.leolin:ShortcutBadger:1.1.21] AndroidManifest.xml:42:22-70
70    <uses-permission android:name="com.oppo.launcher.permission.READ_SETTINGS" />
70-->[me.leolin:ShortcutBadger:1.1.21] AndroidManifest.xml:45:5-82
70-->[me.leolin:ShortcutBadger:1.1.21] AndroidManifest.xml:45:22-79
71    <uses-permission android:name="com.oppo.launcher.permission.WRITE_SETTINGS" /> <!-- for EvMe -->
71-->[me.leolin:ShortcutBadger:1.1.21] AndroidManifest.xml:46:5-83
71-->[me.leolin:ShortcutBadger:1.1.21] AndroidManifest.xml:46:22-80
72    <uses-permission android:name="me.everything.badger.permission.BADGE_COUNT_READ" />
72-->[me.leolin:ShortcutBadger:1.1.21] AndroidManifest.xml:49:5-88
72-->[me.leolin:ShortcutBadger:1.1.21] AndroidManifest.xml:49:22-85
73    <uses-permission android:name="me.everything.badger.permission.BADGE_COUNT_WRITE" />
73-->[me.leolin:ShortcutBadger:1.1.21] AndroidManifest.xml:50:5-89
73-->[me.leolin:ShortcutBadger:1.1.21] AndroidManifest.xml:50:22-86
74    <uses-permission android:name="com.google.android.finsky.permission.BIND_GET_INSTALL_REFERRER_SERVICE" />
74-->[com.google.android.gms:play-services-measurement:18.0.2] AndroidManifest.xml:26:5-110
74-->[com.google.android.gms:play-services-measurement:18.0.2] AndroidManifest.xml:26:22-107
75    <uses-permission android:name="com.google.android.providers.gsf.permission.READ_GSERVICES" />
75-->[io.nlopez.smartlocation:library:3.2.11] AndroidManifest.xml:15:5-98
75-->[io.nlopez.smartlocation:library:3.2.11] AndroidManifest.xml:15:22-95
76    <uses-permission android:name="com.google.android.gms.permission.ACTIVITY_RECOGNITION" />
76-->[io.nlopez.smartlocation:library:3.2.11] AndroidManifest.xml:16:5-94
76-->[io.nlopez.smartlocation:library:3.2.11] AndroidManifest.xml:16:22-91
77
78    <application
78-->src/main/AndroidManifest.xml:25:5-73:19
79        android:name="com.instadating.MainApplication"
79-->src/main/AndroidManifest.xml:26:7-38
80        android:allowBackup="false"
80-->src/main/AndroidManifest.xml:29:7-34
81        android:appComponentFactory="androidx.core.app.CoreComponentFactory"
81-->[androidx.core:core:1.3.1] AndroidManifest.xml:24:18-86
82        android:debuggable="true"
83        android:extractNativeLibs="false"
84        android:icon="@mipmap/ic_launcher"
84-->src/main/AndroidManifest.xml:28:7-41
85        android:label="@string/app_name"
85-->src/main/AndroidManifest.xml:27:7-39
86        android:supportsRtl="true"
86-->[com.facebook.android:facebook-android-sdk:5.15.3] AndroidManifest.xml:28:18-44
87        android:theme="@style/AppTheme"
87-->src/main/AndroidManifest.xml:30:7-38
88        android:usesCleartextTraffic="true" >
88-->src/debug/AndroidManifest.xml:6:18-53
89        <service
89-->src/main/AndroidManifest.xml:31:7-37:17
90            android:name="io.wazo.callkeep.VoiceConnectionService"
90-->src/main/AndroidManifest.xml:31:16-70
91            android:label="Wazo"
91-->src/main/AndroidManifest.xml:32:9-29
92            android:permission="android.permission.BIND_TELECOM_CONNECTION_SERVICE" >
92-->src/main/AndroidManifest.xml:33:9-80
93            <intent-filter>
93-->src/main/AndroidManifest.xml:34:11-36:27
94                <action android:name="android.telecom.ConnectionService" />
94-->src/main/AndroidManifest.xml:35:15-74
94-->src/main/AndroidManifest.xml:35:23-71
95            </intent-filter>
96        </service>
97        <service android:name="io.wazo.callkeep.RNCallKeepBackgroundMessagingService" />
97-->src/main/AndroidManifest.xml:38:7-87
97-->src/main/AndroidManifest.xml:38:16-84
98
99        <meta-data
99-->src/main/AndroidManifest.xml:39:7-41:66
100            android:name="com.google.android.geo.API_KEY"
100-->src/main/AndroidManifest.xml:40:9-54
101            android:value="AIzaSyCVK_VgrYl1dx7qC8fZjF60pFoh3R-pb1E" />
101-->src/main/AndroidManifest.xml:41:9-64
102
103        <activity
103-->src/main/AndroidManifest.xml:42:7-52:18
104            android:name="com.instadating.MainActivity"
104-->src/main/AndroidManifest.xml:43:9-37
105            android:configChanges="keyboard|keyboardHidden|orientation|screenSize|uiMode"
105-->src/main/AndroidManifest.xml:45:9-86
106            android:label="@string/app_name"
106-->src/main/AndroidManifest.xml:44:9-41
107            android:launchMode="singleTask"
107-->src/main/AndroidManifest.xml:46:9-40
108            android:windowSoftInputMode="adjustPan" >
108-->src/main/AndroidManifest.xml:47:9-48
109            <intent-filter>
109-->src/main/AndroidManifest.xml:48:9-51:25
110                <action android:name="android.intent.action.MAIN" />
110-->src/main/AndroidManifest.xml:49:13-65
110-->src/main/AndroidManifest.xml:49:21-62
111
112                <category android:name="android.intent.category.LAUNCHER" />
112-->src/main/AndroidManifest.xml:50:13-73
112-->src/main/AndroidManifest.xml:50:23-70
113            </intent-filter>
114        </activity>
115        <activity android:name="com.facebook.react.devsupport.DevSettingsActivity" />
115-->src/main/AndroidManifest.xml:53:7-84
115-->src/main/AndroidManifest.xml:53:17-81
116        <activity
116-->src/main/AndroidManifest.xml:54:7-58:78
117            android:name="com.facebook.FacebookActivity"
117-->src/main/AndroidManifest.xml:55:17-61
118            android:configChanges="keyboard|keyboardHidden|screenLayout|screenSize|orientation"
118-->src/main/AndroidManifest.xml:56:17-100
119            android:label="@string/app_name"
119-->src/main/AndroidManifest.xml:57:17-49
120            android:theme="@android:style/Theme.Translucent.NoTitleBar" />
120-->src/main/AndroidManifest.xml:58:17-76
121        <activity
121-->src/main/AndroidManifest.xml:59:7-68:18
122            android:name="com.facebook.CustomTabActivity"
122-->src/main/AndroidManifest.xml:60:9-54
123            android:exported="true" >
123-->src/main/AndroidManifest.xml:61:9-32
124            <intent-filter>
124-->src/main/AndroidManifest.xml:62:9-67:25
125                <action android:name="android.intent.action.VIEW" />
125-->src/main/AndroidManifest.xml:63:13-65
125-->src/main/AndroidManifest.xml:63:21-62
126
127                <category android:name="android.intent.category.DEFAULT" />
127-->src/main/AndroidManifest.xml:64:13-72
127-->src/main/AndroidManifest.xml:64:23-69
128                <category android:name="android.intent.category.BROWSABLE" />
128-->src/main/AndroidManifest.xml:65:13-74
128-->src/main/AndroidManifest.xml:65:23-71
129
130                <data android:scheme="@string/fb_login_protocol_scheme" />
130-->src/main/AndroidManifest.xml:66:13-71
130-->src/main/AndroidManifest.xml:66:19-68
131            </intent-filter>
132            <intent-filter>
132-->[com.facebook.android:facebook-common:5.15.3] AndroidManifest.xml:39:13-48:29
133                <action android:name="android.intent.action.VIEW" />
133-->src/main/AndroidManifest.xml:63:13-65
133-->src/main/AndroidManifest.xml:63:21-62
134
135                <category android:name="android.intent.category.DEFAULT" />
135-->src/main/AndroidManifest.xml:64:13-72
135-->src/main/AndroidManifest.xml:64:23-69
136                <category android:name="android.intent.category.BROWSABLE" />
136-->src/main/AndroidManifest.xml:65:13-74
136-->src/main/AndroidManifest.xml:65:23-71
137
138                <data
138-->src/main/AndroidManifest.xml:66:13-71
139                    android:host="cct.com.instadating"
140                    android:scheme="fbconnect" />
140-->src/main/AndroidManifest.xml:66:19-68
141            </intent-filter>
142        </activity>
143
144        <meta-data
144-->src/main/AndroidManifest.xml:69:7-71:52
145            android:name="com.facebook.sdk.ApplicationId"
145-->src/main/AndroidManifest.xml:70:17-62
146            android:value="@string/fb_app_id" />
146-->src/main/AndroidManifest.xml:71:17-50
147        <meta-data
147-->[:unimodules-react-native-adapter] AndroidManifest.xml:12:9-14:91
148            android:name="org.unimodules.core.AppLoader#react-native-headless"
148-->[:unimodules-react-native-adapter] AndroidManifest.xml:13:13-79
149            android:value="org.unimodules.adapters.react.apploader.RNHeadlessAppLoader" />
149-->[:unimodules-react-native-adapter] AndroidManifest.xml:14:13-88
150
151        <service android:name="io.invertase.firebase.messaging.ReactNativeFirebaseMessagingHeadlessService" />
151-->[:react-native-firebase_messaging] AndroidManifest.xml:16:9-111
151-->[:react-native-firebase_messaging] AndroidManifest.xml:16:18-108
152        <service
152-->[:react-native-firebase_messaging] AndroidManifest.xml:17:9-23:19
153            android:name="io.invertase.firebase.messaging.ReactNativeFirebaseMessagingService"
153-->[:react-native-firebase_messaging] AndroidManifest.xml:18:13-95
154            android:exported="false" >
154-->[:react-native-firebase_messaging] AndroidManifest.xml:19:13-37
155            <intent-filter>
155-->[:react-native-firebase_messaging] AndroidManifest.xml:20:13-22:29
156                <action android:name="com.google.firebase.MESSAGING_EVENT" />
156-->[:react-native-firebase_messaging] AndroidManifest.xml:21:17-78
156-->[:react-native-firebase_messaging] AndroidManifest.xml:21:25-75
157            </intent-filter>
158        </service>
159
160        <receiver
160-->[:react-native-firebase_messaging] AndroidManifest.xml:25:9-32:20
161            android:name="io.invertase.firebase.messaging.ReactNativeFirebaseMessagingReceiver"
161-->[:react-native-firebase_messaging] AndroidManifest.xml:26:13-96
162            android:exported="true"
162-->[:react-native-firebase_messaging] AndroidManifest.xml:27:13-36
163            android:permission="com.google.android.c2dm.permission.SEND" >
163-->[:react-native-firebase_messaging] AndroidManifest.xml:28:13-73
164            <intent-filter>
164-->[:react-native-firebase_messaging] AndroidManifest.xml:29:13-31:29
165                <action android:name="com.google.android.c2dm.intent.RECEIVE" />
165-->[:react-native-firebase_messaging] AndroidManifest.xml:30:17-81
165-->[:react-native-firebase_messaging] AndroidManifest.xml:30:25-78
166            </intent-filter>
167        </receiver>
168
169        <meta-data
169-->[:react-native-firebase_messaging] AndroidManifest.xml:34:9-36:36
170            android:name="firebase_messaging_auto_init_enabled"
170-->[:react-native-firebase_messaging] AndroidManifest.xml:35:13-64
171            android:value="true" />
171-->[:react-native-firebase_messaging] AndroidManifest.xml:36:13-33
172        <meta-data
172-->[:react-native-firebase_messaging] AndroidManifest.xml:37:9-39:32
173            android:name="com.google.firebase.messaging.default_notification_channel_id"
173-->[:react-native-firebase_messaging] AndroidManifest.xml:38:13-89
174            android:value="" />
174-->[:react-native-firebase_messaging] AndroidManifest.xml:39:13-29
175        <meta-data
175-->[:react-native-firebase_messaging] AndroidManifest.xml:40:9-42:47
176            android:name="com.google.firebase.messaging.default_notification_color"
176-->[:react-native-firebase_messaging] AndroidManifest.xml:41:13-84
177            android:resource="@color/white" />
177-->[:react-native-firebase_messaging] AndroidManifest.xml:42:13-44
178
179        <provider
179-->[:react-native-image-crop-picker] AndroidManifest.xml:13:9-21:20
180            android:name="androidx.core.content.FileProvider"
180-->[:react-native-image-crop-picker] AndroidManifest.xml:14:13-62
181            android:authorities="com.instadating.provider"
181-->[:react-native-image-crop-picker] AndroidManifest.xml:15:13-60
182            android:exported="false"
182-->[:react-native-image-crop-picker] AndroidManifest.xml:16:13-37
183            android:grantUriPermissions="true" >
183-->[:react-native-image-crop-picker] AndroidManifest.xml:17:13-47
184            <meta-data
184-->[:react-native-image-crop-picker] AndroidManifest.xml:18:13-20:58
185                android:name="android.support.FILE_PROVIDER_PATHS"
185-->[:react-native-image-crop-picker] AndroidManifest.xml:19:17-67
186                android:resource="@xml/provider_paths" />
186-->[:react-native-image-crop-picker] AndroidManifest.xml:20:17-55
187        </provider>
188
189        <activity
189-->[:react-native-image-crop-picker] AndroidManifest.xml:23:9-25:72
190            android:name="com.yalantis.ucrop.UCropActivity"
190-->[:react-native-image-crop-picker] AndroidManifest.xml:24:13-60
191            android:theme="@style/Theme.AppCompat.Light.NoActionBar" />
191-->[:react-native-image-crop-picker] AndroidManifest.xml:25:13-69
192
193        <provider
193-->[:react-native-image-picker] AndroidManifest.xml:12:9-20:20
194            android:name="com.imagepicker.ImagePickerProvider"
194-->[:react-native-image-picker] AndroidManifest.xml:13:13-63
195            android:authorities="com.instadating.imagepickerprovider"
195-->[:react-native-image-picker] AndroidManifest.xml:14:13-71
196            android:exported="false"
196-->[:react-native-image-picker] AndroidManifest.xml:15:13-37
197            android:grantUriPermissions="true" >
197-->[:react-native-image-picker] AndroidManifest.xml:16:13-47
198            <meta-data
198-->[:react-native-image-crop-picker] AndroidManifest.xml:18:13-20:58
199                android:name="android.support.FILE_PROVIDER_PATHS"
199-->[:react-native-image-crop-picker] AndroidManifest.xml:19:17-67
200                android:resource="@xml/imagepicker_provider_paths" />
200-->[:react-native-image-crop-picker] AndroidManifest.xml:20:17-55
201        </provider>
202        <provider
202-->[:react-native-webview] AndroidManifest.xml:12:9-20:20
203            android:name="com.reactnativecommunity.webview.RNCWebViewFileProvider"
203-->[:react-native-webview] AndroidManifest.xml:13:13-83
204            android:authorities="com.instadating.fileprovider"
204-->[:react-native-webview] AndroidManifest.xml:14:13-64
205            android:exported="false"
205-->[:react-native-webview] AndroidManifest.xml:15:13-37
206            android:grantUriPermissions="true" >
206-->[:react-native-webview] AndroidManifest.xml:16:13-47
207            <meta-data
207-->[:react-native-image-crop-picker] AndroidManifest.xml:18:13-20:58
208                android:name="android.support.FILE_PROVIDER_PATHS"
208-->[:react-native-image-crop-picker] AndroidManifest.xml:19:17-67
209                android:resource="@xml/file_provider_paths" />
209-->[:react-native-image-crop-picker] AndroidManifest.xml:20:17-55
210        </provider>
211
212        <activity android:name="com.facebook.CustomTabMainActivity" />
212-->[com.facebook.android:facebook-common:5.15.3] AndroidManifest.xml:34:9-71
212-->[com.facebook.android:facebook-common:5.15.3] AndroidManifest.xml:34:19-68
213        <activity
213-->[:expo-image-picker] AndroidManifest.xml:31:9-33:59
214            android:name="com.theartofdev.edmodo.cropper.CropImageActivity"
214-->[:expo-image-picker] AndroidManifest.xml:32:13-76
215            android:theme="@style/Base.Theme.AppCompat" /> <!-- https://developer.android.com/guide/topics/manifest/provider-element.html -->
215-->[:expo-image-picker] AndroidManifest.xml:33:13-56
216        <provider
216-->[:expo-image-picker] AndroidManifest.xml:35:9-43:20
217            android:name="expo.modules.imagepicker.ImagePickerFileProvider"
217-->[:expo-image-picker] AndroidManifest.xml:36:13-76
218            android:authorities="com.instadating.ImagePickerFileProvider"
218-->[:expo-image-picker] AndroidManifest.xml:37:13-75
219            android:exported="false"
219-->[:expo-image-picker] AndroidManifest.xml:38:13-37
220            android:grantUriPermissions="true" >
220-->[:expo-image-picker] AndroidManifest.xml:39:13-47
221            <meta-data
221-->[:react-native-image-crop-picker] AndroidManifest.xml:18:13-20:58
222                android:name="android.support.FILE_PROVIDER_PATHS"
222-->[:react-native-image-crop-picker] AndroidManifest.xml:19:17-67
223                android:resource="@xml/image_picker_provider_paths" />
223-->[:react-native-image-crop-picker] AndroidManifest.xml:20:17-55
224        </provider>
225        <provider
225-->[:expo-file-system] AndroidManifest.xml:17:9-26:20
226            android:name="expo.modules.filesystem.FileSystemFileProvider"
226-->[:expo-file-system] AndroidManifest.xml:18:13-74
227            android:authorities="com.instadating.FileSystemFileProvider"
227-->[:expo-file-system] AndroidManifest.xml:19:13-74
228            android:exported="false"
228-->[:expo-file-system] AndroidManifest.xml:20:13-37
229            android:grantUriPermissions="true" >
229-->[:expo-file-system] AndroidManifest.xml:21:13-47
230            <meta-data
230-->[:react-native-image-crop-picker] AndroidManifest.xml:18:13-20:58
231                android:name="android.support.FILE_PROVIDER_PATHS"
231-->[:react-native-image-crop-picker] AndroidManifest.xml:19:17-67
232                android:resource="@xml/file_system_provider_paths" />
232-->[:react-native-image-crop-picker] AndroidManifest.xml:20:17-55
233        </provider>
234
235        <service
235-->[:expo-location] AndroidManifest.xml:16:9-19:56
236            android:name="expo.modules.location.services.LocationTaskService"
236-->[:expo-location] AndroidManifest.xml:17:13-78
237            android:exported="false"
237-->[:expo-location] AndroidManifest.xml:18:13-37
238            android:foregroundServiceType="location" />
238-->[:expo-location] AndroidManifest.xml:19:13-53
239
240        <activity
240-->[com.google.android.gms:play-services-auth:19.0.0] AndroidManifest.xml:23:9-27:75
241            android:name="com.google.android.gms.auth.api.signin.internal.SignInHubActivity"
241-->[com.google.android.gms:play-services-auth:19.0.0] AndroidManifest.xml:24:13-93
242            android:excludeFromRecents="true"
242-->[com.google.android.gms:play-services-auth:19.0.0] AndroidManifest.xml:25:13-46
243            android:exported="false"
243-->[com.google.android.gms:play-services-auth:19.0.0] AndroidManifest.xml:26:13-37
244            android:theme="@android:style/Theme.Translucent.NoTitleBar" />
244-->[com.google.android.gms:play-services-auth:19.0.0] AndroidManifest.xml:27:13-72
245        <!--
246            Service handling Google Sign-In user revocation. For apps that do not integrate with
247            Google Sign-In, this service will never be started.
248        -->
249        <service
249-->[com.google.android.gms:play-services-auth:19.0.0] AndroidManifest.xml:33:9-37:51
250            android:name="com.google.android.gms.auth.api.signin.RevocationBoundService"
250-->[com.google.android.gms:play-services-auth:19.0.0] AndroidManifest.xml:34:13-89
251            android:exported="true"
251-->[com.google.android.gms:play-services-auth:19.0.0] AndroidManifest.xml:35:13-36
252            android:permission="com.google.android.gms.auth.api.signin.permission.REVOCATION_NOTIFICATION"
252-->[com.google.android.gms:play-services-auth:19.0.0] AndroidManifest.xml:36:13-107
253            android:visibleToInstantApps="true" />
253-->[com.google.android.gms:play-services-auth:19.0.0] AndroidManifest.xml:37:13-48
254
255        <activity
255-->[com.google.firebase:firebase-auth:20.0.3] AndroidManifest.xml:27:9-44:20
256            android:name="com.google.firebase.auth.internal.GenericIdpActivity"
256-->[com.google.firebase:firebase-auth:20.0.3] AndroidManifest.xml:28:13-80
257            android:excludeFromRecents="true"
257-->[com.google.firebase:firebase-auth:20.0.3] AndroidManifest.xml:29:13-46
258            android:exported="true"
258-->[com.google.firebase:firebase-auth:20.0.3] AndroidManifest.xml:30:13-36
259            android:launchMode="singleTask"
259-->[com.google.firebase:firebase-auth:20.0.3] AndroidManifest.xml:31:13-44
260            android:theme="@android:style/Theme.Translucent.NoTitleBar" >
260-->[com.google.firebase:firebase-auth:20.0.3] AndroidManifest.xml:32:13-72
261            <intent-filter>
261-->[com.google.firebase:firebase-auth:20.0.3] AndroidManifest.xml:33:13-43:29
262                <action android:name="android.intent.action.VIEW" />
262-->src/main/AndroidManifest.xml:63:13-65
262-->src/main/AndroidManifest.xml:63:21-62
263
264                <category android:name="android.intent.category.DEFAULT" />
264-->src/main/AndroidManifest.xml:64:13-72
264-->src/main/AndroidManifest.xml:64:23-69
265                <category android:name="android.intent.category.BROWSABLE" />
265-->src/main/AndroidManifest.xml:65:13-74
265-->src/main/AndroidManifest.xml:65:23-71
266
267                <data
267-->src/main/AndroidManifest.xml:66:13-71
268                    android:host="firebase.auth"
269                    android:path="/"
270                    android:scheme="genericidp" />
270-->src/main/AndroidManifest.xml:66:19-68
271            </intent-filter>
272        </activity>
273        <activity
273-->[com.google.firebase:firebase-auth:20.0.3] AndroidManifest.xml:45:9-62:20
274            android:name="com.google.firebase.auth.internal.RecaptchaActivity"
274-->[com.google.firebase:firebase-auth:20.0.3] AndroidManifest.xml:46:13-79
275            android:excludeFromRecents="true"
275-->[com.google.firebase:firebase-auth:20.0.3] AndroidManifest.xml:47:13-46
276            android:exported="true"
276-->[com.google.firebase:firebase-auth:20.0.3] AndroidManifest.xml:48:13-36
277            android:launchMode="singleTask"
277-->[com.google.firebase:firebase-auth:20.0.3] AndroidManifest.xml:49:13-44
278            android:theme="@android:style/Theme.Translucent.NoTitleBar" >
278-->[com.google.firebase:firebase-auth:20.0.3] AndroidManifest.xml:50:13-72